<?xml version="1.0" encoding="UTF-8"?>
<!-- Generated by org.testng.reporters.JUnitXMLReporter -->
<testsuite ignored="6" hostname="DESKTOP-I87EVTQ" failures="0" tests="2" name="a_addUnit" time="77.349" errors="0" timestamp="2021-12-10T14:33:13 IST">
  <testcase classname="com.jiofabric.testCases.UnitTestCases" name="a_addUnit" time="60.008"/>
  <testcase classname="com.jiofabric.testCases.UnitTestCases" name="b_editUnit" time="6.404"/>
  <testcase classname="com.jiofabric.testCases.UnitTestCases" name="createUnitWithBlankName" time="0.0">
    <ignored/>
  </testcase> <!-- createUnitWithBlankName -->
  <testcase classname="com.jiofabric.testCases.UnitTestCases" name="createUnitWithBlankUnit" time="0.0">
    <ignored/>
  </testcase> <!-- createUnitWithBlankUnit -->
  <testcase classname="com.jiofabric.testCases.UnitTestCases" name="clickingOnBackButton" time="0.0">
    <ignored/>
  </testcase> <!-- clickingOnBackButton -->
  <testcase classname="com.jiofabric.testCases.UnitTestCases" name="c_clickingOnUnitButton" time="0.0">
    <ignored/>
  </testcase> <!-- c_clickingOnUnitButton -->
  <testcase classname="com.jiofabric.testCases.UnitTestCases" name="d_deleteUnit" time="0.0">
    <ignored/>
  </testcase> <!-- d_deleteUnit -->
  <testcase classname="com.jiofabric.testCases.UnitTestCases" name="createUnitWithBlankData" time="0.0">
    <ignored/>
  </testcase> <!-- createUnitWithBlankData -->
</testsuite> <!-- a_addUnit -->
