<?xml version="1.0" encoding="UTF-8"?>
<!-- Generated by org.testng.reporters.JUnitXMLReporter -->
<testsuite ignored="7" hostname="DESKTOP-I87EVTQ" failures="0" tests="1" name="Default test" time="72.47" errors="0" timestamp="2021-12-13T16:51:41 IST">
  <testcase classname="com.jiofabric.testCases.UnitTestCases" name="a_addUnit" time="65.678"/>
  <testcase classname="com.jiofabric.testCases.UnitTestCases" name="createUnitWithBlankName" time="0.0">
    <ignored/>
  </testcase> <!-- createUnitWithBlankName -->
  <testcase classname="com.jiofabric.testCases.UnitTestCases" name="createUnitWithBlankUnit" time="0.0">
    <ignored/>
  </testcase> <!-- createUnitWithBlankUnit -->
  <testcase classname="com.jiofabric.testCases.UnitTestCases" name="b_editUnit" time="0.0">
    <ignored/>
  </testcase> <!-- b_editUnit -->
  <testcase classname="com.jiofabric.testCases.UnitTestCases" name="clickingOnBackButton" time="0.0">
    <ignored/>
  </testcase> <!-- clickingOnBackButton -->
  <testcase classname="com.jiofabric.testCases.UnitTestCases" name="c_clickingOnUnitButton" time="0.0">
    <ignored/>
  </testcase> <!-- c_clickingOnUnitButton -->
  <testcase classname="com.jiofabric.testCases.UnitTestCases" name="d_deleteUnit" time="0.0">
    <ignored/>
  </testcase> <!-- d_deleteUnit -->
  <testcase classname="com.jiofabric.testCases.UnitTestCases" name="createUnitWithBlankData" time="0.0">
    <ignored/>
  </testcase> <!-- createUnitWithBlankData -->
</testsuite> <!-- Default test -->
