<?xml version="1.0" encoding="UTF-8"?>
<testng-results ignored="7" total="8" passed="1" failed="0" skipped="0">
  <reporter-output>
    <line>
      <![CDATA[Test case start for Common]]>
    </line>
    <line>
      <![CDATA[Test case start for Telecom]]>
    </line>
    <line>
      <![CDATA[Test case start for Retail]]>
    </line>
  </reporter-output>
  <suite started-at="2021-12-13T16:50:29 IST" name="Suite1" finished-at="2021-12-13T16:51:41 IST" duration-ms="72470">
    <groups>
    </groups>
    <test started-at="2021-12-13T16:50:29 IST" name="Default test" finished-at="2021-12-13T16:51:41 IST" duration-ms="72470">
      <class name="com.jiofabric.testCases.UnitTestCases">
        <test-method is-config="true" signature="beforeClassSetup()[pri:0, instance:com.jiofabric.testCases.UnitTestCases@7133da86]" started-at="2021-12-13T16:50:29 IST" name="beforeClassSetup" finished-at="2021-12-13T16:50:29 IST" duration-ms="170" status="PASS">
          <reporter-output>
          </reporter-output>
        </test-method> <!-- beforeClassSetup -->
        <test-method is-config="true" signature="beforeMethodSetup()[pri:0, instance:com.jiofabric.testCases.UnitTestCases@7133da86]" started-at="2021-12-13T16:50:29 IST" name="beforeMethodSetup" finished-at="2021-12-13T16:50:35 IST" duration-ms="6447" status="PASS">
          <reporter-output>
          </reporter-output>
        </test-method> <!-- beforeMethodSetup -->
        <test-method signature="a_addUnit()[pri:0, instance:com.jiofabric.testCases.UnitTestCases@7133da86]" started-at="2021-12-13T16:50:35 IST" name="a_addUnit" finished-at="2021-12-13T16:51:41 IST" duration-ms="65678" status="PASS">
          <reporter-output>
            <line>
              <![CDATA[Test case start for Common]]>
            </line>
            <line>
              <![CDATA[Test case start for Telecom]]>
            </line>
            <line>
              <![CDATA[Test case start for Retail]]>
            </line>
          </reporter-output>
        </test-method> <!-- a_addUnit -->
        <test-method is-config="true" signature="afterMethodSetup()[pri:0, instance:com.jiofabric.testCases.UnitTestCases@7133da86]" started-at="2021-12-13T16:51:41 IST" name="afterMethodSetup" finished-at="2021-12-13T16:51:41 IST" duration-ms="113" status="PASS">
          <reporter-output>
          </reporter-output>
        </test-method> <!-- afterMethodSetup -->
        <test-method is-config="true" signature="afterClassSetup()[pri:0, instance:com.jiofabric.testCases.UnitTestCases@7133da86]" started-at="2021-12-13T16:51:41 IST" name="afterClassSetup" finished-at="2021-12-13T16:51:41 IST" duration-ms="0" status="PASS">
          <reporter-output>
          </reporter-output>
        </test-method> <!-- afterClassSetup -->
      </class> <!-- com.jiofabric.testCases.UnitTestCases -->
    </test> <!-- Default test -->
  </suite> <!-- Suite1 -->
</testng-results>
